<?xml version="1.0" encoding="UTF-8"?>
<!-- Generated by org.testng.reporters.JUnitReportReporter -->
<testsuite hostname="DELLVOSTRO" failures="0" tests="1" name="package1.Login" time="197.474" errors="0" timestamp="2021-01-13T12:46:06 ICT" skipped="0">
  <testcase classname="package1.Login" name="loginsucessfully" time="197.474"/>
  <system-out/>
</testsuite> <!-- package1.Login -->
