<?xml version="1.0" encoding="UTF-8"?>
<!-- Generated by org.testng.reporters.JUnitReportReporter -->
<testsuite hostname="DELLVOSTRO" failures="0" tests="8" name="Integration.Dashboard" time="23.022" errors="0" timestamp="2020-12-18T09:44:43 ICT" skipped="0">
  <testcase classname="Integration.Dashboard" name="D_messages_dashboard" time="3.883"/>
  <system-out/>
  <testcase classname="Integration.Dashboard" name="C_dashboard_messages" time="2.680"/>
  <system-out/>
  <testcase classname="Integration.Dashboard" name="B_grades_dashboard" time="2.690"/>
  <system-out/>
  <testcase classname="Integration.Dashboard" name="A_profile_dashboard" time="3.420"/>
  <system-out/>
  <testcase classname="Integration.Dashboard" name="B_dashboard_grades" time="2.689"/>
  <system-out/>
  <testcase classname="Integration.Dashboard" name="C_messages_dashboard" time="3.339"/>
  <system-out/>
  <testcase classname="Integration.Dashboard" name="D_dashboard_preferences" time="2.157"/>
  <system-out/>
  <testcase classname="Integration.Dashboard" name="A_dashboard_profile" time="2.164"/>
  <system-out/>
</testsuite> <!-- Integration.Dashboard -->
