<?xml version="1.0" encoding="UTF-8"?>
<!-- Generated by org.testng.reporters.JUnitReportReporter -->
<testsuite hostname="DELLVOSTRO" failures="0" tests="1" name="Integration.Integration" time="14.413" errors="0" timestamp="2021-01-22T11:28:47 ICT" skipped="0">
  <testcase classname="Integration.Integration" name="IntegrationTest" time="14.413"/>
  <system-out/>
</testsuite> <!-- Integration.Integration -->
