<?xml version="1.0" encoding="UTF-8"?>
<!-- Generated by org.testng.reporters.JUnitReportReporter -->
<testsuite hostname="DELLVOSTRO" failures="0" tests="1" name="package1.UploadDownload" time="9.402" errors="0" timestamp="2021-01-23T12:37:30 ICT" skipped="0">
  <testcase classname="package1.UploadDownload" name="uploadfile" time="9.402"/>
  <system-out/>
</testsuite> <!-- package1.UploadDownload -->
