<?xml version="1.0" encoding="UTF-8"?>
<!-- Generated by org.testng.reporters.JUnitReportReporter -->
<testsuite hostname="DELLVOSTRO" failures="0" tests="1" name="package1.LoginUnsuccesfully" time="137.037" errors="0" timestamp="2021-01-16T03:40:01 ICT" skipped="0">
  <testcase classname="package1.LoginUnsuccesfully" name="loginunsucessfully" time="137.037"/>
  <system-out/>
</testsuite> <!-- package1.LoginUnsuccesfully -->
